\BOOKMARK [0][-]{section*.2}{LIST OF FIGURES}{}% 1
\BOOKMARK [0][-]{section*.4}{LIST OF TABLES}{}% 2
\BOOKMARK [0][-]{section*.6}{ACKNOWLEDGMENTS}{}% 3
\BOOKMARK [0][-]{section*.7}{CURRICULUM VITAE}{}% 4
\BOOKMARK [0][-]{section*.8}{ABSTRACT OF THE DISSERTATION}{}% 5
\BOOKMARK [0][-]{chapter.1}{Introduction}{}% 6
\BOOKMARK [1][-]{section.1.1}{Nanopores}{chapter.1}% 7
\BOOKMARK [2][-]{subsection.1.1.1}{Biological nanopores}{section.1.1}% 8
\BOOKMARK [2][-]{subsection.1.1.2}{Synthetic nanopores}{section.1.1}% 9
\BOOKMARK [2][-]{subsection.1.1.3}{Applications \(introductions\)}{section.1.1}% 10
\BOOKMARK [1][-]{section.1.2}{Nanopore science\204physics and chemistry}{chapter.1}% 11
\BOOKMARK [2][-]{subsection.1.2.1}{Pore/channel}{section.1.2}% 12
\BOOKMARK [2][-]{subsection.1.2.2}{Electrolyte solutions}{section.1.2}% 13
\BOOKMARK [2][-]{subsection.1.2.3}{Electrodes}{section.1.2}% 14
\BOOKMARK [2][-]{subsection.1.2.4}{Particles}{section.1.2}% 15
\BOOKMARK [2][-]{subsection.1.2.5}{Equations of motion for fluidic systems\204Navier\205Stokes equations}{section.1.2}% 16
\BOOKMARK [2][-]{subsection.1.2.6}{Motion of ions in a solvent\204Poisson-Nernst-Planck equation}{section.1.2}% 17
\BOOKMARK [2][-]{subsection.1.2.7}{The diffuse layer}{section.1.2}% 18
\BOOKMARK [2][-]{subsection.1.2.8}{Electroosmosis}{section.1.2}% 19
\BOOKMARK [0][-]{section*.13}{Bibliography}{}% 20
\BOOKMARK [0][-]{appendix.A}{Appendix Title}{}% 21
\BOOKMARK [1][-]{section.A.1}{Lorem Ipsum}{appendix.A}% 22
